<?xml version="1.0" encoding="UTF-8"?>
<!-- Generated by org.testng.reporters.JUnitReportReporter -->
<testsuite hostname="Gowsalya" failures="0" tests="1" name="com.tp.vTigerTest.ContactTest" time="10.455" errors="0" timestamp="2025-04-29T16:14:45 IST" skipped="0">
  <testcase classname="com.tp.vTigerTest.ContactTest" name="createContactWithSupportDateTest" time="10.455">
    <system-out>
      <![CDATA[[ CON111 ] gows_901 - Contact Information verified
  gows_901 verified
2025-04-29 verified
2025-06-28 verified]]>
    </system-out>
  </testcase> <!-- createContactWithSupportDateTest -->
  <system-out>
    <![CDATA[Browser got launched
Browser got Maximized
Logged In Successfully
[ CON111 ] gows_901 - Contact Information verified
  gows_901 verified
2025-04-29 verified
2025-06-28 verified
Logged out Successfully
Browser got Closed Successfully]]>
  </system-out>
</testsuite> <!-- com.tp.vTigerTest.ContactTest -->
