<?xml version="1.0" encoding="UTF-8"?>
<!-- Generated by org.testng.reporters.JUnitReportReporter -->
<testsuite hostname="Gowsalya" failures="0" tests="3" name="com.tp.vTigerTest.OrganizationTest" time="25.039" errors="0" timestamp="2025-04-29T16:28:48 IST" skipped="0">
  <testcase classname="com.tp.vTigerTest.OrganizationTest" name="createOrganizationWithPhoneNumberTest" time="7.608"/>
  <testcase classname="com.tp.vTigerTest.OrganizationTest" name="createOrganizationTest" time="10.499">
    <system-out>
      <![CDATA[[ ACC131 ] Tek_Pyramid_223 - Organization Information verified]]>
    </system-out>
  </testcase> <!-- createOrganizationTest -->
  <testcase classname="com.tp.vTigerTest.OrganizationTest" name="createOrganizationWithIndustryAndTypeTest" time="6.932">
    <system-out>
      <![CDATA[[ ACC132 ] Tek_814 - Organization Information verified]]>
    </system-out>
  </testcase> <!-- createOrganizationWithIndustryAndTypeTest -->
  <system-out>
    <![CDATA[Browser got launched
Browser got Maximized
Logged In Successfully
[ ACC131 ] Tek_Pyramid_223 - Organization Information verified
Logged out Successfully
Logged In Successfully
[ ACC132 ] Tek_814 - Organization Information verified
Logged out Successfully
Logged In Successfully
Logged out Successfully
Browser got Closed Successfully]]>
  </system-out>
</testsuite> <!-- com.tp.vTigerTest.OrganizationTest -->
