<?xml version="1.0" encoding="UTF-8"?>
<!-- Generated by org.testng.reporters.JUnitReportReporter -->
<testsuite hostname="Gowsalya" failures="0" tests="1" name="com.tp.vTigerTest.VendorTest" time="15.138" errors="0" timestamp="2025-04-29T16:03:03 IST" skipped="0">
  <testcase classname="com.tp.vTigerTest.VendorTest" name="createVendorTest" time="15.138">
    <system-out>
      <![CDATA[[ VEN48 ] Microsoft787 - Vendor Information verified]]>
    </system-out>
  </testcase> <!-- createVendorTest -->
  <system-out>
    <![CDATA[Browser got launched
Browser got Maximized
Logged In Successfully
[ VEN48 ] Microsoft787 - Vendor Information verified
Logged out Successfully
Browser got Closed Successfully]]>
  </system-out>
</testsuite> <!-- com.tp.vTigerTest.VendorTest -->
