<?xml version="1.0" encoding="UTF-8"?>
<!-- Generated by org.testng.reporters.JUnitReportReporter -->
<testsuite hostname="Gowsalya" failures="0" tests="3" name="com.tp.vTigerTest.ProductTest" time="81.183" errors="0" timestamp="2025-04-24T15:28:38 IST" skipped="0">
  <testcase classname="com.tp.vTigerTest.ProductTest" name="createProductWithSupportDateTest" time="19.831">
    <system-out>
      <![CDATA[createProductWithSupportDateTest]]>
    </system-out>
  </testcase> <!-- createProductWithSupportDateTest -->
  <testcase classname="com.tp.vTigerTest.ProductTest" name="createProductTest" time="31.053"/>
  <testcase classname="com.tp.vTigerTest.ProductTest" name="createProductWithVendorTest" time="30.299"/>
  <system-out>
    <![CDATA[Browser got launched
Browser got Maximized
Logged In Successfully
[ VEN36 ] Microsoft595 - Vendor Information verified
Logged out Successfully
Browser got Closed Successfully
Browser got launched
Browser got Maximized
Logged In Successfully
Logged out Successfully
Logged In Successfully
Logged out Successfully
Logged In Successfully
Logged out Successfully
Browser got Closed Successfully
Browser got launched
Browser got Maximized
Logged In Successfully
Logged out Successfully
Logged In Successfully
createProductWithSupportDateTest
Logged out Successfully
Logged In Successfully
Logged out Successfully
Browser got Closed Successfully
Browser got launched
Browser got Maximized
Logged In Successfully
[ CON105 ] gows_954 - Contact Information verified
  gows_954 verified
Logged out Successfully
Logged In Successfully
[ CON106 ] gows_115 - Contact Information verified
  gows_115 verified
 Tek_Pyramid_546 verified
Logged out Successfully
Logged In Successfully
[ CON107 ] gows_946 - Contact Information verified
  gows_946 verified
2025-04-24 verified
2025-06-23 verified
Logged out Successfully
Browser got Closed Successfully
Browser got launched
Browser got Maximized
Logged In Successfully
[ LEA38 ] lead127 - Lead Information verified
Logged out Successfully
Logged In Successfully
Logged out Successfully
Browser got Closed Successfully]]>
  </system-out>
</testsuite> <!-- com.tp.vTigerTest.ProductTest -->
