<?xml version="1.0" encoding="UTF-8"?>
<!-- Generated by org.testng.reporters.JUnitReportReporter -->
<testsuite hostname="Gowsalya" failures="0" tests="2" name="com.tp.vTigerTest.LeadTest" time="18.173" errors="0" timestamp="2025-04-29T16:20:23 IST" skipped="0">
  <testcase classname="com.tp.vTigerTest.LeadTest" name="createLeadWithLeadSourceAndIndustryTest" time="6.813">
    <system-out>
      <![CDATA[[ LEA63 ] lead702 - Lead Information verified]]>
    </system-out>
  </testcase> <!-- createLeadWithLeadSourceAndIndustryTest -->
  <testcase classname="com.tp.vTigerTest.LeadTest" name="createLeadTest" time="11.360">
    <system-out>
      <![CDATA[[ LEA62 ] lead123 - Lead Information verified]]>
    </system-out>
  </testcase> <!-- createLeadTest -->
  <system-out>
    <![CDATA[Browser got launched
Browser got Maximized
Logged In Successfully
[ LEA62 ] lead123 - Lead Information verified
Logged out Successfully
Logged In Successfully
[ LEA63 ] lead702 - Lead Information verified
Logged out Successfully
Browser got Closed Successfully]]>
  </system-out>
</testsuite> <!-- com.tp.vTigerTest.LeadTest -->
